{"E:\\Sir Ahsan Web Dev\\Module2\\Node.js\\MoshHamedani\\MongoDB\\VidyleRental\\index.js": {"path":"E:\\Sir Ahsan Web Dev\\Module2\\Node.js\\MoshHamedani\\MongoDB\\VidyleRental\\index.js","statementMap":{"0":{"start":{"line":1,"column":17},"end":{"line":1,"column":36}},"1":{"start":{"line":2,"column":16},"end":{"line":2,"column":34}},"2":{"start":{"line":4,"column":0},"end":{"line":4,"column":27}},"3":{"start":{"line":5,"column":16},"end":{"line":5,"column":34}},"4":{"start":{"line":6,"column":0},"end":{"line":6,"column":26}},"5":{"start":{"line":7,"column":15},"end":{"line":7,"column":32}},"6":{"start":{"line":10,"column":18},"end":{"line":10,"column":41}},"7":{"start":{"line":11,"column":13},"end":{"line":11,"column":31}},"8":{"start":{"line":12,"column":12},"end":{"line":12,"column":21}},"9":{"start":{"line":14,"column":0},"end":{"line":14,"column":31}},"10":{"start":{"line":15,"column":0},"end":{"line":15,"column":33}},"11":{"start":{"line":16,"column":0},"end":{"line":16,"column":32}},"12":{"start":{"line":17,"column":0},"end":{"line":17,"column":30}},"13":{"start":{"line":18,"column":0},"end":{"line":18,"column":27}},"14":{"start":{"line":21,"column":14},"end":{"line":23,"column":2}},"15":{"start":{"line":22,"column":4},"end":{"line":22,"column":39}},"16":{"start":{"line":25,"column":0},"end":{"line":25,"column":24}}},"fnMap":{"0":{"name":"(anonymous_0)","decl":{"start":{"line":21,"column":32},"end":{"line":21,"column":33}},"loc":{"start":{"line":21,"column":38},"end":{"line":23,"column":1}},"line":21}},"branchMap":{},"s":{"0":1,"1":1,"2":1,"3":1,"4":1,"5":1,"6":1,"7":1,"8":1,"9":1,"10":1,"11":1,"12":1,"13":1,"14":1,"15":1,"16":1},"f":{"0":1},"b":{},"_coverageSchema":"1a1c01bbd47fc00a2c39e90264f33305004495a9","hash":"07f2a29194bfc1d1174175005e31a22a8cdcc4c3"}
,"E:\\Sir Ahsan Web Dev\\Module2\\Node.js\\MoshHamedani\\MongoDB\\VidyleRental\\Models\\Register.js": {"path":"E:\\Sir Ahsan Web Dev\\Module2\\Node.js\\MoshHamedani\\MongoDB\\VidyleRental\\Models\\Register.js","statementMap":{"0":{"start":{"line":1,"column":17},"end":{"line":1,"column":36}},"1":{"start":{"line":2,"column":12},"end":{"line":2,"column":26}},"2":{"start":{"line":3,"column":28},"end":{"line":3,"column":62}},"3":{"start":{"line":4,"column":14},"end":{"line":4,"column":31}},"4":{"start":{"line":5,"column":12},"end":{"line":5,"column":35}},"5":{"start":{"line":10,"column":15},"end":{"line":10,"column":32}},"6":{"start":{"line":11,"column":0},"end":{"line":11,"column":27}},"7":{"start":{"line":17,"column":16},"end":{"line":17,"column":33}},"8":{"start":{"line":41,"column":24},"end":{"line":63,"column":2}},"9":{"start":{"line":66,"column":0},"end":{"line":69,"column":1}},"10":{"start":{"line":67,"column":18},"end":{"line":67,"column":99}},"11":{"start":{"line":68,"column":4},"end":{"line":68,"column":17}},"12":{"start":{"line":70,"column":17},"end":{"line":70,"column":64}},"13":{"start":{"line":71,"column":29},"end":{"line":79,"column":1}},"14":{"start":{"line":72,"column":15},"end":{"line":77,"column":2}},"15":{"start":{"line":78,"column":0},"end":{"line":78,"column":37}},"16":{"start":{"line":81,"column":0},"end":{"line":81,"column":53}},"17":{"start":{"line":82,"column":0},"end":{"line":82,"column":28}},"18":{"start":{"line":83,"column":0},"end":{"line":83,"column":53}}},"fnMap":{"0":{"name":"(anonymous_0)","decl":{"start":{"line":66,"column":39},"end":{"line":66,"column":40}},"loc":{"start":{"line":66,"column":51},"end":{"line":69,"column":1}},"line":66},"1":{"name":"(anonymous_1)","decl":{"start":{"line":71,"column":29},"end":{"line":71,"column":30}},"loc":{"start":{"line":71,"column":47},"end":{"line":79,"column":1}},"line":71}},"branchMap":{},"s":{"0":2,"1":2,"2":2,"3":2,"4":2,"5":2,"6":2,"7":2,"8":2,"9":2,"10":2,"11":2,"12":2,"13":2,"14":0,"15":0,"16":2,"17":2,"18":2},"f":{"0":2,"1":0},"b":{},"_coverageSchema":"1a1c01bbd47fc00a2c39e90264f33305004495a9","hash":"4ed6faa650df8c5c04945206b0378b74f4a08811"}
,"E:\\Sir Ahsan Web Dev\\Module2\\Node.js\\MoshHamedani\\MongoDB\\VidyleRental\\Models\\customer.js": {"path":"E:\\Sir Ahsan Web Dev\\Module2\\Node.js\\MoshHamedani\\MongoDB\\VidyleRental\\Models\\customer.js","statementMap":{"0":{"start":{"line":1,"column":17},"end":{"line":1,"column":36}},"1":{"start":{"line":2,"column":12},"end":{"line":2,"column":26}},"2":{"start":{"line":4,"column":24},"end":{"line":26,"column":2}},"3":{"start":{"line":27,"column":15},"end":{"line":27,"column":58}},"4":{"start":{"line":29,"column":25},"end":{"line":40,"column":1}},"5":{"start":{"line":30,"column":20},"end":{"line":37,"column":7}},"6":{"start":{"line":39,"column":4},"end":{"line":39,"column":36}},"7":{"start":{"line":41,"column":0},"end":{"line":41,"column":28}},"8":{"start":{"line":42,"column":0},"end":{"line":42,"column":44}}},"fnMap":{"0":{"name":"(anonymous_0)","decl":{"start":{"line":29,"column":25},"end":{"line":29,"column":26}},"loc":{"start":{"line":29,"column":39},"end":{"line":40,"column":1}},"line":29}},"branchMap":{},"s":{"0":1,"1":1,"2":1,"3":1,"4":1,"5":0,"6":0,"7":1,"8":1},"f":{"0":0},"b":{},"_coverageSchema":"1a1c01bbd47fc00a2c39e90264f33305004495a9","hash":"ee4a2421499427871759e54c5b5652769142b89a"}
,"E:\\Sir Ahsan Web Dev\\Module2\\Node.js\\MoshHamedani\\MongoDB\\VidyleRental\\Models\\genre.js": {"path":"E:\\Sir Ahsan Web Dev\\Module2\\Node.js\\MoshHamedani\\MongoDB\\VidyleRental\\Models\\genre.js","statementMap":{"0":{"start":{"line":1,"column":17},"end":{"line":1,"column":36}},"1":{"start":{"line":2,"column":12},"end":{"line":2,"column":26}},"2":{"start":{"line":3,"column":21},"end":{"line":10,"column":2}},"3":{"start":{"line":12,"column":14},"end":{"line":12,"column":51}},"4":{"start":{"line":13,"column":22},"end":{"line":19,"column":1}},"5":{"start":{"line":14,"column":13},"end":{"line":16,"column":6}},"6":{"start":{"line":17,"column":0},"end":{"line":17,"column":30}},"7":{"start":{"line":22,"column":0},"end":{"line":22,"column":36}},"8":{"start":{"line":23,"column":0},"end":{"line":23,"column":22}},"9":{"start":{"line":24,"column":0},"end":{"line":24,"column":38}}},"fnMap":{"0":{"name":"(anonymous_0)","decl":{"start":{"line":13,"column":22},"end":{"line":13,"column":23}},"loc":{"start":{"line":13,"column":33},"end":{"line":19,"column":1}},"line":13}},"branchMap":{},"s":{"0":1,"1":1,"2":1,"3":1,"4":1,"5":1,"6":1,"7":1,"8":1,"9":1},"f":{"0":1},"b":{},"_coverageSchema":"1a1c01bbd47fc00a2c39e90264f33305004495a9","hash":"32096c59abe8d994b7c8a794b5e7e9afec427e9c"}
,"E:\\Sir Ahsan Web Dev\\Module2\\Node.js\\MoshHamedani\\MongoDB\\VidyleRental\\Models\\movie.js": {"path":"E:\\Sir Ahsan Web Dev\\Module2\\Node.js\\MoshHamedani\\MongoDB\\VidyleRental\\Models\\movie.js","statementMap":{"0":{"start":{"line":1,"column":17},"end":{"line":1,"column":36}},"1":{"start":{"line":2,"column":12},"end":{"line":2,"column":26}},"2":{"start":{"line":3,"column":31},"end":{"line":3,"column":49}},"3":{"start":{"line":16,"column":21},"end":{"line":43,"column":2}},"4":{"start":{"line":46,"column":14},"end":{"line":46,"column":53}},"5":{"start":{"line":48,"column":18},"end":{"line":60,"column":5}},"6":{"start":{"line":49,"column":16},"end":{"line":57,"column":6}},"7":{"start":{"line":58,"column":4},"end":{"line":58,"column":22}},"8":{"start":{"line":59,"column":4},"end":{"line":59,"column":28}},"9":{"start":{"line":68,"column":34},"end":{"line":77,"column":1}},"10":{"start":{"line":69,"column":15},"end":{"line":75,"column":2}},"11":{"start":{"line":76,"column":0},"end":{"line":76,"column":31}},"12":{"start":{"line":79,"column":0},"end":{"line":79,"column":62}},"13":{"start":{"line":80,"column":0},"end":{"line":80,"column":21}},"14":{"start":{"line":81,"column":0},"end":{"line":81,"column":35}}},"fnMap":{"0":{"name":"(anonymous_0)","decl":{"start":{"line":48,"column":18},"end":{"line":48,"column":19}},"loc":{"start":{"line":48,"column":36},"end":{"line":60,"column":5}},"line":48},"1":{"name":"(anonymous_1)","decl":{"start":{"line":68,"column":34},"end":{"line":68,"column":35}},"loc":{"start":{"line":68,"column":46},"end":{"line":77,"column":1}},"line":68}},"branchMap":{},"s":{"0":1,"1":1,"2":1,"3":1,"4":1,"5":1,"6":0,"7":0,"8":0,"9":1,"10":0,"11":0,"12":1,"13":1,"14":1},"f":{"0":0,"1":0},"b":{},"_coverageSchema":"1a1c01bbd47fc00a2c39e90264f33305004495a9","hash":"499ab6ca422d2855061e0c14f7b7a8ab3c83b59d"}
,"E:\\Sir Ahsan Web Dev\\Module2\\Node.js\\MoshHamedani\\MongoDB\\VidyleRental\\Models\\rental.js": {"path":"E:\\Sir Ahsan Web Dev\\Module2\\Node.js\\MoshHamedani\\MongoDB\\VidyleRental\\Models\\rental.js","statementMap":{"0":{"start":{"line":1,"column":17},"end":{"line":1,"column":36}},"1":{"start":{"line":2,"column":12},"end":{"line":2,"column":26}},"2":{"start":{"line":4,"column":22},"end":{"line":54,"column":2}},"3":{"start":{"line":56,"column":15},"end":{"line":56,"column":59}},"4":{"start":{"line":58,"column":22},"end":{"line":68,"column":1}},"5":{"start":{"line":59,"column":17},"end":{"line":64,"column":3}},"6":{"start":{"line":66,"column":0},"end":{"line":66,"column":31}},"7":{"start":{"line":70,"column":0},"end":{"line":70,"column":40}},"8":{"start":{"line":71,"column":0},"end":{"line":71,"column":38}},"9":{"start":{"line":72,"column":0},"end":{"line":72,"column":24}}},"fnMap":{"0":{"name":"(anonymous_0)","decl":{"start":{"line":58,"column":22},"end":{"line":58,"column":23}},"loc":{"start":{"line":58,"column":34},"end":{"line":68,"column":1}},"line":58}},"branchMap":{},"s":{"0":1,"1":1,"2":1,"3":1,"4":1,"5":0,"6":0,"7":1,"8":1,"9":1},"f":{"0":0},"b":{},"_coverageSchema":"1a1c01bbd47fc00a2c39e90264f33305004495a9","hash":"754cb50796fdf36f88b9dc4c11c1163a895ded73"}
,"E:\\Sir Ahsan Web Dev\\Module2\\Node.js\\MoshHamedani\\MongoDB\\VidyleRental\\middleware\\admin.js": {"path":"E:\\Sir Ahsan Web Dev\\Module2\\Node.js\\MoshHamedani\\MongoDB\\VidyleRental\\middleware\\admin.js","statementMap":{"0":{"start":{"line":1,"column":0},"end":{"line":7,"column":1}},"1":{"start":{"line":2,"column":0},"end":{"line":5,"column":1}},"2":{"start":{"line":4,"column":3},"end":{"line":4,"column":53}},"3":{"start":{"line":6,"column":0},"end":{"line":6,"column":7}}},"fnMap":{"0":{"name":"(anonymous_0)","decl":{"start":{"line":1,"column":17},"end":{"line":1,"column":18}},"loc":{"start":{"line":1,"column":50},"end":{"line":7,"column":1}},"line":1}},"branchMap":{"0":{"loc":{"start":{"line":2,"column":0},"end":{"line":5,"column":1}},"type":"if","locations":[{"start":{"line":2,"column":0},"end":{"line":5,"column":1}},{"start":{"line":2,"column":0},"end":{"line":5,"column":1}}],"line":2}},"s":{"0":1,"1":0,"2":0,"3":0},"f":{"0":0},"b":{"0":[0,0]},"_coverageSchema":"1a1c01bbd47fc00a2c39e90264f33305004495a9","hash":"cbceb380c5555fa94076f70e6d48c24ff14c420f"}
,"E:\\Sir Ahsan Web Dev\\Module2\\Node.js\\MoshHamedani\\MongoDB\\VidyleRental\\middleware\\auth.js": {"path":"E:\\Sir Ahsan Web Dev\\Module2\\Node.js\\MoshHamedani\\MongoDB\\VidyleRental\\middleware\\auth.js","statementMap":{"0":{"start":{"line":2,"column":12},"end":{"line":2,"column":35}},"1":{"start":{"line":3,"column":15},"end":{"line":3,"column":32}},"2":{"start":{"line":4,"column":0},"end":{"line":4,"column":27}},"3":{"start":{"line":6,"column":0},"end":{"line":22,"column":1}},"4":{"start":{"line":7,"column":15},"end":{"line":7,"column":45}},"5":{"start":{"line":8,"column":4},"end":{"line":11,"column":5}},"6":{"start":{"line":10,"column":8},"end":{"line":10,"column":86}},"7":{"start":{"line":12,"column":4},"end":{"line":20,"column":5}},"8":{"start":{"line":13,"column":23},"end":{"line":13,"column":65}},"9":{"start":{"line":14,"column":8},"end":{"line":14,"column":30}},"10":{"start":{"line":15,"column":8},"end":{"line":15,"column":15}},"11":{"start":{"line":19,"column":8},"end":{"line":19,"column":59}}},"fnMap":{"0":{"name":"(anonymous_0)","decl":{"start":{"line":6,"column":17},"end":{"line":6,"column":18}},"loc":{"start":{"line":6,"column":50},"end":{"line":22,"column":1}},"line":6}},"branchMap":{"0":{"loc":{"start":{"line":8,"column":4},"end":{"line":11,"column":5}},"type":"if","locations":[{"start":{"line":8,"column":4},"end":{"line":11,"column":5}},{"start":{"line":8,"column":4},"end":{"line":11,"column":5}}],"line":8}},"s":{"0":2,"1":2,"2":2,"3":2,"4":4,"5":4,"6":1,"7":3,"8":3,"9":1,"10":1,"11":2},"f":{"0":4},"b":{"0":[1,3]},"_coverageSchema":"1a1c01bbd47fc00a2c39e90264f33305004495a9","hash":"f8ae5e4e7862cdf8d42aef0b579d11066ab47dd9"}
,"E:\\Sir Ahsan Web Dev\\Module2\\Node.js\\MoshHamedani\\MongoDB\\VidyleRental\\middleware\\error.js": {"path":"E:\\Sir Ahsan Web Dev\\Module2\\Node.js\\MoshHamedani\\MongoDB\\VidyleRental\\middleware\\error.js","statementMap":{"0":{"start":{"line":1,"column":16},"end":{"line":1,"column":34}},"1":{"start":{"line":3,"column":0},"end":{"line":20,"column":1}},"2":{"start":{"line":7,"column":4},"end":{"line":7,"column":36}},"3":{"start":{"line":18,"column":4},"end":{"line":18,"column":60}}},"fnMap":{"0":{"name":"(anonymous_0)","decl":{"start":{"line":3,"column":17},"end":{"line":3,"column":18}},"loc":{"start":{"line":4,"column":0},"end":{"line":20,"column":1}},"line":4}},"branchMap":{},"s":{"0":1,"1":1,"2":0,"3":0},"f":{"0":0},"b":{},"_coverageSchema":"1a1c01bbd47fc00a2c39e90264f33305004495a9","hash":"750e1faaedd17f449fad51ce7cc60119c95121f8"}
,"E:\\Sir Ahsan Web Dev\\Module2\\Node.js\\MoshHamedani\\MongoDB\\VidyleRental\\middleware\\genreValidate.js": {"path":"E:\\Sir Ahsan Web Dev\\Module2\\Node.js\\MoshHamedani\\MongoDB\\VidyleRental\\middleware\\genreValidate.js","statementMap":{"0":{"start":{"line":1,"column":17},"end":{"line":1,"column":36}},"1":{"start":{"line":2,"column":0},"end":{"line":9,"column":1}},"2":{"start":{"line":4,"column":4},"end":{"line":7,"column":5}},"3":{"start":{"line":6,"column":6},"end":{"line":6,"column":52}},"4":{"start":{"line":8,"column":4},"end":{"line":8,"column":10}}},"fnMap":{"0":{"name":"(anonymous_0)","decl":{"start":{"line":2,"column":17},"end":{"line":2,"column":18}},"loc":{"start":{"line":3,"column":0},"end":{"line":9,"column":1}},"line":3}},"branchMap":{"0":{"loc":{"start":{"line":4,"column":4},"end":{"line":7,"column":5}},"type":"if","locations":[{"start":{"line":4,"column":4},"end":{"line":7,"column":5}},{"start":{"line":4,"column":4},"end":{"line":7,"column":5}}],"line":4}},"s":{"0":1,"1":1,"2":0,"3":0,"4":0},"f":{"0":0},"b":{"0":[0,0]},"_coverageSchema":"1a1c01bbd47fc00a2c39e90264f33305004495a9","hash":"7fdf73b09960432879ec11c4ff5fef5673a1beef"}
,"E:\\Sir Ahsan Web Dev\\Module2\\Node.js\\MoshHamedani\\MongoDB\\VidyleRental\\routes\\Register.js": {"path":"E:\\Sir Ahsan Web Dev\\Module2\\Node.js\\MoshHamedani\\MongoDB\\VidyleRental\\routes\\Register.js","statementMap":{"0":{"start":{"line":1,"column":42},"end":{"line":1,"column":71}},"1":{"start":{"line":2,"column":16},"end":{"line":2,"column":34}},"2":{"start":{"line":3,"column":12},"end":{"line":3,"column":35}},"3":{"start":{"line":4,"column":15},"end":{"line":4,"column":32}},"4":{"start":{"line":5,"column":14},"end":{"line":5,"column":31}},"5":{"start":{"line":6,"column":23},"end":{"line":6,"column":52}},"6":{"start":{"line":7,"column":10},"end":{"line":7,"column":27}},"7":{"start":{"line":9,"column":12},"end":{"line":9,"column":28}},"8":{"start":{"line":12,"column":0},"end":{"line":15,"column":3}},"9":{"start":{"line":13,"column":18},"end":{"line":13,"column":100}},"10":{"start":{"line":14,"column":2},"end":{"line":14,"column":30}},"11":{"start":{"line":17,"column":0},"end":{"line":20,"column":2}},"12":{"start":{"line":18,"column":14},"end":{"line":18,"column":55}},"13":{"start":{"line":19,"column":0},"end":{"line":19,"column":26}},"14":{"start":{"line":26,"column":0},"end":{"line":50,"column":3}},"15":{"start":{"line":27,"column":2},"end":{"line":48,"column":1}},"16":{"start":{"line":28,"column":19},"end":{"line":28,"column":53}},"17":{"start":{"line":29,"column":4},"end":{"line":32,"column":5}},"18":{"start":{"line":31,"column":5},"end":{"line":31,"column":71}},"19":{"start":{"line":35,"column":22},"end":{"line":35,"column":88}},"20":{"start":{"line":36,"column":18},"end":{"line":36,"column":42}},"21":{"start":{"line":37,"column":5},"end":{"line":37,"column":68}},"22":{"start":{"line":38,"column":5},"end":{"line":38,"column":26}},"23":{"start":{"line":39,"column":19},"end":{"line":39,"column":42}},"24":{"start":{"line":41,"column":6},"end":{"line":41,"column":95}},"25":{"start":{"line":47,"column":0},"end":{"line":47,"column":26}},"26":{"start":{"line":52,"column":0},"end":{"line":52,"column":21}}},"fnMap":{"0":{"name":"(anonymous_0)","decl":{"start":{"line":12,"column":13},"end":{"line":12,"column":14}},"loc":{"start":{"line":12,"column":42},"end":{"line":15,"column":1}},"line":12},"1":{"name":"(anonymous_1)","decl":{"start":{"line":17,"column":32},"end":{"line":17,"column":33}},"loc":{"start":{"line":17,"column":62},"end":{"line":20,"column":1}},"line":17},"2":{"name":"(anonymous_2)","decl":{"start":{"line":26,"column":14},"end":{"line":26,"column":15}},"loc":{"start":{"line":26,"column":43},"end":{"line":50,"column":1}},"line":26}},"branchMap":{"0":{"loc":{"start":{"line":29,"column":4},"end":{"line":32,"column":5}},"type":"if","locations":[{"start":{"line":29,"column":4},"end":{"line":32,"column":5}},{"start":{"line":29,"column":4},"end":{"line":32,"column":5}}],"line":29}},"s":{"0":1,"1":1,"2":1,"3":1,"4":1,"5":1,"6":1,"7":1,"8":1,"9":0,"10":0,"11":1,"12":0,"13":0,"14":1,"15":0,"16":0,"17":0,"18":0,"19":0,"20":0,"21":0,"22":0,"23":0,"24":0,"25":0,"26":1},"f":{"0":0,"1":0,"2":0},"b":{"0":[0,0]},"_coverageSchema":"1a1c01bbd47fc00a2c39e90264f33305004495a9","hash":"db947eb9c0060715b60f0ebb81b703d866d0d998"}
,"E:\\Sir Ahsan Web Dev\\Module2\\Node.js\\MoshHamedani\\MongoDB\\VidyleRental\\routes\\auth.js": {"path":"E:\\Sir Ahsan Web Dev\\Module2\\Node.js\\MoshHamedani\\MongoDB\\VidyleRental\\routes\\auth.js","statementMap":{"0":{"start":{"line":2,"column":16},"end":{"line":2,"column":34}},"1":{"start":{"line":3,"column":12},"end":{"line":3,"column":28}},"2":{"start":{"line":4,"column":12},"end":{"line":4,"column":26}},"3":{"start":{"line":5,"column":15},"end":{"line":5,"column":32}},"4":{"start":{"line":6,"column":30},"end":{"line":6,"column":48}},"5":{"start":{"line":7,"column":19},"end":{"line":7,"column":48}},"6":{"start":{"line":9,"column":0},"end":{"line":9,"column":27}},"7":{"start":{"line":12,"column":0},"end":{"line":36,"column":3}},"8":{"start":{"line":13,"column":15},"end":{"line":13,"column":51}},"9":{"start":{"line":14,"column":0},"end":{"line":17,"column":1}},"10":{"start":{"line":16,"column":3},"end":{"line":16,"column":57}},"11":{"start":{"line":18,"column":13},"end":{"line":18,"column":65}},"12":{"start":{"line":19,"column":0},"end":{"line":22,"column":1}},"13":{"start":{"line":21,"column":4},"end":{"line":21,"column":66}},"14":{"start":{"line":23,"column":18},"end":{"line":23,"column":76}},"15":{"start":{"line":24,"column":0},"end":{"line":27,"column":1}},"16":{"start":{"line":26,"column":4},"end":{"line":26,"column":66}},"17":{"start":{"line":29,"column":14},"end":{"line":29,"column":33}},"18":{"start":{"line":34,"column":0},"end":{"line":34,"column":28}},"19":{"start":{"line":38,"column":29},"end":{"line":44,"column":1}},"20":{"start":{"line":39,"column":19},"end":{"line":42,"column":5}},"21":{"start":{"line":43,"column":3},"end":{"line":43,"column":41}},"22":{"start":{"line":46,"column":0},"end":{"line":46,"column":21}}},"fnMap":{"0":{"name":"(anonymous_0)","decl":{"start":{"line":12,"column":14},"end":{"line":12,"column":15}},"loc":{"start":{"line":12,"column":43},"end":{"line":36,"column":1}},"line":12},"1":{"name":"(anonymous_1)","decl":{"start":{"line":38,"column":29},"end":{"line":38,"column":30}},"loc":{"start":{"line":38,"column":49},"end":{"line":44,"column":1}},"line":38}},"branchMap":{"0":{"loc":{"start":{"line":14,"column":0},"end":{"line":17,"column":1}},"type":"if","locations":[{"start":{"line":14,"column":0},"end":{"line":17,"column":1}},{"start":{"line":14,"column":0},"end":{"line":17,"column":1}}],"line":14},"1":{"loc":{"start":{"line":19,"column":0},"end":{"line":22,"column":1}},"type":"if","locations":[{"start":{"line":19,"column":0},"end":{"line":22,"column":1}},{"start":{"line":19,"column":0},"end":{"line":22,"column":1}}],"line":19},"2":{"loc":{"start":{"line":24,"column":0},"end":{"line":27,"column":1}},"type":"if","locations":[{"start":{"line":24,"column":0},"end":{"line":27,"column":1}},{"start":{"line":24,"column":0},"end":{"line":27,"column":1}}],"line":24}},"s":{"0":1,"1":1,"2":1,"3":1,"4":1,"5":1,"6":1,"7":1,"8":0,"9":0,"10":0,"11":0,"12":0,"13":0,"14":0,"15":0,"16":0,"17":0,"18":0,"19":1,"20":0,"21":0,"22":1},"f":{"0":0,"1":0},"b":{"0":[0,0],"1":[0,0],"2":[0,0]},"_coverageSchema":"1a1c01bbd47fc00a2c39e90264f33305004495a9","hash":"9facbf78794999944916176df6704493f7d41182"}
,"E:\\Sir Ahsan Web Dev\\Module2\\Node.js\\MoshHamedani\\MongoDB\\VidyleRental\\routes\\customer.js": {"path":"E:\\Sir Ahsan Web Dev\\Module2\\Node.js\\MoshHamedani\\MongoDB\\VidyleRental\\routes\\customer.js","statementMap":{"0":{"start":{"line":1,"column":16},"end":{"line":1,"column":34}},"1":{"start":{"line":2,"column":12},"end":{"line":2,"column":28}},"2":{"start":{"line":3,"column":12},"end":{"line":3,"column":26}},"3":{"start":{"line":5,"column":37},"end":{"line":5,"column":66}},"4":{"start":{"line":8,"column":0},"end":{"line":12,"column":3}},"5":{"start":{"line":9,"column":19},"end":{"line":10,"column":42}},"6":{"start":{"line":11,"column":0},"end":{"line":11,"column":24}},"7":{"start":{"line":14,"column":0},"end":{"line":30,"column":3}},"8":{"start":{"line":16,"column":19},"end":{"line":16,"column":49}},"9":{"start":{"line":17,"column":2},"end":{"line":22,"column":1}},"10":{"start":{"line":20,"column":4},"end":{"line":20,"column":69}},"11":{"start":{"line":23,"column":19},"end":{"line":27,"column":6}},"12":{"start":{"line":28,"column":0},"end":{"line":28,"column":22}},"13":{"start":{"line":29,"column":0},"end":{"line":29,"column":31}},"14":{"start":{"line":34,"column":0},"end":{"line":68,"column":2}},"15":{"start":{"line":36,"column":0},"end":{"line":65,"column":1}},"16":{"start":{"line":38,"column":19},"end":{"line":38,"column":49}},"17":{"start":{"line":40,"column":4},"end":{"line":45,"column":5}},"18":{"start":{"line":42,"column":8},"end":{"line":42,"column":31}},"19":{"start":{"line":44,"column":8},"end":{"line":44,"column":74}},"20":{"start":{"line":47,"column":24},"end":{"line":56,"column":5}},"21":{"start":{"line":58,"column":4},"end":{"line":58,"column":79}},"22":{"start":{"line":58,"column":23},"end":{"line":58,"column":79}},"23":{"start":{"line":59,"column":4},"end":{"line":59,"column":39}},"24":{"start":{"line":64,"column":8},"end":{"line":64,"column":32}},"25":{"start":{"line":75,"column":0},"end":{"line":75,"column":20}}},"fnMap":{"0":{"name":"(anonymous_0)","decl":{"start":{"line":8,"column":13},"end":{"line":8,"column":14}},"loc":{"start":{"line":8,"column":42},"end":{"line":12,"column":1}},"line":8},"1":{"name":"(anonymous_1)","decl":{"start":{"line":14,"column":14},"end":{"line":14,"column":15}},"loc":{"start":{"line":14,"column":43},"end":{"line":30,"column":1}},"line":14},"2":{"name":"(anonymous_2)","decl":{"start":{"line":34,"column":15},"end":{"line":34,"column":16}},"loc":{"start":{"line":34,"column":44},"end":{"line":68,"column":1}},"line":34}},"branchMap":{"0":{"loc":{"start":{"line":17,"column":2},"end":{"line":22,"column":1}},"type":"if","locations":[{"start":{"line":17,"column":2},"end":{"line":22,"column":1}},{"start":{"line":17,"column":2},"end":{"line":22,"column":1}}],"line":17},"1":{"loc":{"start":{"line":40,"column":4},"end":{"line":45,"column":5}},"type":"if","locations":[{"start":{"line":40,"column":4},"end":{"line":45,"column":5}},{"start":{"line":40,"column":4},"end":{"line":45,"column":5}}],"line":40},"2":{"loc":{"start":{"line":58,"column":4},"end":{"line":58,"column":79}},"type":"if","locations":[{"start":{"line":58,"column":4},"end":{"line":58,"column":79}},{"start":{"line":58,"column":4},"end":{"line":58,"column":79}}],"line":58}},"s":{"0":1,"1":1,"2":1,"3":1,"4":1,"5":0,"6":0,"7":1,"8":0,"9":0,"10":0,"11":0,"12":0,"13":0,"14":1,"15":0,"16":0,"17":0,"18":0,"19":0,"20":0,"21":0,"22":0,"23":0,"24":0,"25":1},"f":{"0":0,"1":0,"2":0},"b":{"0":[0,0],"1":[0,0],"2":[0,0]},"_coverageSchema":"1a1c01bbd47fc00a2c39e90264f33305004495a9","hash":"0c98e99ce34d3497ea31c2ed7f92af58525b715a"}
,"E:\\Sir Ahsan Web Dev\\Module2\\Node.js\\MoshHamedani\\MongoDB\\VidyleRental\\routes\\genre.js": {"path":"E:\\Sir Ahsan Web Dev\\Module2\\Node.js\\MoshHamedani\\MongoDB\\VidyleRental\\routes\\genre.js","statementMap":{"0":{"start":{"line":1,"column":17},"end":{"line":1,"column":36}},"1":{"start":{"line":2,"column":16},"end":{"line":2,"column":34}},"2":{"start":{"line":3,"column":47},"end":{"line":3,"column":73}},"3":{"start":{"line":4,"column":30},"end":{"line":4,"column":48}},"4":{"start":{"line":5,"column":23},"end":{"line":5,"column":52}},"5":{"start":{"line":6,"column":24},"end":{"line":6,"column":54}},"6":{"start":{"line":7,"column":32},"end":{"line":7,"column":70}},"7":{"start":{"line":8,"column":12},"end":{"line":8,"column":28}},"8":{"start":{"line":10,"column":0},"end":{"line":18,"column":3}},"9":{"start":{"line":14,"column":15},"end":{"line":15,"column":20}},"10":{"start":{"line":16,"column":2},"end":{"line":16,"column":24}},"11":{"start":{"line":20,"column":0},"end":{"line":28,"column":2}},"12":{"start":{"line":22,"column":16},"end":{"line":22,"column":55}},"13":{"start":{"line":23,"column":2},"end":{"line":26,"column":3}},"14":{"start":{"line":25,"column":3},"end":{"line":25,"column":63}},"15":{"start":{"line":27,"column":1},"end":{"line":27,"column":29}},"16":{"start":{"line":33,"column":0},"end":{"line":45,"column":3}},"17":{"start":{"line":34,"column":14},"end":{"line":34,"column":41}},"18":{"start":{"line":35,"column":1},"end":{"line":38,"column":1}},"19":{"start":{"line":37,"column":4},"end":{"line":37,"column":70}},"20":{"start":{"line":39,"column":12},"end":{"line":41,"column":2}},"21":{"start":{"line":42,"column":0},"end":{"line":42,"column":19}},"22":{"start":{"line":44,"column":0},"end":{"line":44,"column":28}},"23":{"start":{"line":47,"column":0},"end":{"line":54,"column":2}},"24":{"start":{"line":48,"column":26},"end":{"line":48,"column":74}},"25":{"start":{"line":49,"column":4},"end":{"line":52,"column":3}},"26":{"start":{"line":51,"column":6},"end":{"line":51,"column":59}},"27":{"start":{"line":53,"column":3},"end":{"line":53,"column":38}},"28":{"start":{"line":57,"column":0},"end":{"line":57,"column":20}}},"fnMap":{"0":{"name":"(anonymous_0)","decl":{"start":{"line":10,"column":13},"end":{"line":10,"column":14}},"loc":{"start":{"line":10,"column":43},"end":{"line":18,"column":1}},"line":10},"1":{"name":"(anonymous_1)","decl":{"start":{"line":20,"column":41},"end":{"line":20,"column":42}},"loc":{"start":{"line":20,"column":70},"end":{"line":28,"column":1}},"line":20},"2":{"name":"(anonymous_2)","decl":{"start":{"line":33,"column":31},"end":{"line":33,"column":32}},"loc":{"start":{"line":33,"column":60},"end":{"line":45,"column":1}},"line":33},"3":{"name":"(anonymous_3)","decl":{"start":{"line":47,"column":54},"end":{"line":47,"column":55}},"loc":{"start":{"line":47,"column":84},"end":{"line":54,"column":1}},"line":47}},"branchMap":{"0":{"loc":{"start":{"line":23,"column":2},"end":{"line":26,"column":3}},"type":"if","locations":[{"start":{"line":23,"column":2},"end":{"line":26,"column":3}},{"start":{"line":23,"column":2},"end":{"line":26,"column":3}}],"line":23},"1":{"loc":{"start":{"line":35,"column":1},"end":{"line":38,"column":1}},"type":"if","locations":[{"start":{"line":35,"column":1},"end":{"line":38,"column":1}},{"start":{"line":35,"column":1},"end":{"line":38,"column":1}}],"line":35},"2":{"loc":{"start":{"line":49,"column":4},"end":{"line":52,"column":3}},"type":"if","locations":[{"start":{"line":49,"column":4},"end":{"line":52,"column":3}},{"start":{"line":49,"column":4},"end":{"line":52,"column":3}}],"line":49}},"s":{"0":1,"1":1,"2":1,"3":1,"4":1,"5":1,"6":1,"7":1,"8":1,"9":0,"10":0,"11":1,"12":0,"13":0,"14":0,"15":0,"16":1,"17":1,"18":1,"19":0,"20":1,"21":1,"22":1,"23":1,"24":0,"25":0,"26":0,"27":0,"28":1},"f":{"0":0,"1":0,"2":1,"3":0},"b":{"0":[0,0],"1":[0,1],"2":[0,0]},"_coverageSchema":"1a1c01bbd47fc00a2c39e90264f33305004495a9","hash":"a5a9619239c3bbab4b42d97f41e5c13add84cede"}
,"E:\\Sir Ahsan Web Dev\\Module2\\Node.js\\MoshHamedani\\MongoDB\\VidyleRental\\routes\\movie.js": {"path":"E:\\Sir Ahsan Web Dev\\Module2\\Node.js\\MoshHamedani\\MongoDB\\VidyleRental\\routes\\movie.js","statementMap":{"0":{"start":{"line":1,"column":17},"end":{"line":1,"column":36}},"1":{"start":{"line":2,"column":16},"end":{"line":2,"column":34}},"2":{"start":{"line":3,"column":60},"end":{"line":3,"column":86}},"3":{"start":{"line":4,"column":20},"end":{"line":4,"column":38}},"4":{"start":{"line":5,"column":18},"end":{"line":5,"column":44}},"5":{"start":{"line":6,"column":12},"end":{"line":6,"column":28}},"6":{"start":{"line":8,"column":0},"end":{"line":13,"column":3}},"7":{"start":{"line":9,"column":17},"end":{"line":10,"column":73}},"8":{"start":{"line":12,"column":4},"end":{"line":12,"column":26}},"9":{"start":{"line":15,"column":0},"end":{"line":40,"column":3}},"10":{"start":{"line":16,"column":14},"end":{"line":16,"column":53}},"11":{"start":{"line":17,"column":1},"end":{"line":20,"column":2}},"12":{"start":{"line":19,"column":4},"end":{"line":19,"column":70}},"13":{"start":{"line":21,"column":13},"end":{"line":21,"column":55}},"14":{"start":{"line":22,"column":1},"end":{"line":25,"column":2}},"15":{"start":{"line":24,"column":5},"end":{"line":24,"column":56}},"16":{"start":{"line":28,"column":13},"end":{"line":36,"column":3}},"17":{"start":{"line":37,"column":0},"end":{"line":37,"column":19}},"18":{"start":{"line":38,"column":0},"end":{"line":38,"column":28}},"19":{"start":{"line":43,"column":0},"end":{"line":43,"column":20}}},"fnMap":{"0":{"name":"(anonymous_0)","decl":{"start":{"line":8,"column":13},"end":{"line":8,"column":14}},"loc":{"start":{"line":8,"column":43},"end":{"line":13,"column":1}},"line":8},"1":{"name":"(anonymous_1)","decl":{"start":{"line":15,"column":14},"end":{"line":15,"column":15}},"loc":{"start":{"line":15,"column":43},"end":{"line":40,"column":1}},"line":15}},"branchMap":{"0":{"loc":{"start":{"line":17,"column":1},"end":{"line":20,"column":2}},"type":"if","locations":[{"start":{"line":17,"column":1},"end":{"line":20,"column":2}},{"start":{"line":17,"column":1},"end":{"line":20,"column":2}}],"line":17},"1":{"loc":{"start":{"line":22,"column":1},"end":{"line":25,"column":2}},"type":"if","locations":[{"start":{"line":22,"column":1},"end":{"line":25,"column":2}},{"start":{"line":22,"column":1},"end":{"line":25,"column":2}}],"line":22}},"s":{"0":1,"1":1,"2":1,"3":1,"4":1,"5":1,"6":1,"7":0,"8":0,"9":1,"10":0,"11":0,"12":0,"13":0,"14":0,"15":0,"16":0,"17":0,"18":0,"19":1},"f":{"0":0,"1":0},"b":{"0":[0,0],"1":[0,0]},"_coverageSchema":"1a1c01bbd47fc00a2c39e90264f33305004495a9","hash":"b873c959cdccd26b98eda62a334ecc1ac3144fd0"}
,"E:\\Sir Ahsan Web Dev\\Module2\\Node.js\\MoshHamedani\\MongoDB\\VidyleRental\\routes\\rental.js": {"path":"E:\\Sir Ahsan Web Dev\\Module2\\Node.js\\MoshHamedani\\MongoDB\\VidyleRental\\routes\\rental.js","statementMap":{"0":{"start":{"line":1,"column":33},"end":{"line":1,"column":60}},"1":{"start":{"line":2,"column":13},"end":{"line":2,"column":28}},"2":{"start":{"line":3,"column":16},"end":{"line":3,"column":34}},"3":{"start":{"line":4,"column":12},"end":{"line":4,"column":28}},"4":{"start":{"line":5,"column":17},"end":{"line":5,"column":36}},"5":{"start":{"line":6,"column":17},"end":{"line":6,"column":46}},"6":{"start":{"line":7,"column":14},"end":{"line":7,"column":40}},"7":{"start":{"line":8,"column":0},"end":{"line":8,"column":19}},"8":{"start":{"line":10,"column":0},"end":{"line":13,"column":3}},"9":{"start":{"line":11,"column":15},"end":{"line":11,"column":50}},"10":{"start":{"line":12,"column":0},"end":{"line":12,"column":29}},"11":{"start":{"line":15,"column":0},"end":{"line":80,"column":3}},"12":{"start":{"line":16,"column":15},"end":{"line":16,"column":43}},"13":{"start":{"line":18,"column":0},"end":{"line":22,"column":1}},"14":{"start":{"line":20,"column":4},"end":{"line":20,"column":70}},"15":{"start":{"line":23,"column":22},"end":{"line":23,"column":70}},"16":{"start":{"line":25,"column":0},"end":{"line":29,"column":1}},"17":{"start":{"line":27,"column":4},"end":{"line":27,"column":68}},"18":{"start":{"line":31,"column":19},"end":{"line":31,"column":61}},"19":{"start":{"line":32,"column":0},"end":{"line":36,"column":1}},"20":{"start":{"line":35,"column":4},"end":{"line":35,"column":65}},"21":{"start":{"line":38,"column":0},"end":{"line":42,"column":1}},"22":{"start":{"line":40,"column":0},"end":{"line":40,"column":37}},"23":{"start":{"line":44,"column":13},"end":{"line":56,"column":2}},"24":{"start":{"line":63,"column":0},"end":{"line":73,"column":1}},"25":{"start":{"line":64,"column":3},"end":{"line":68,"column":10}},"26":{"start":{"line":69,"column":4},"end":{"line":69,"column":25}},"27":{"start":{"line":72,"column":0},"end":{"line":72,"column":51}},"28":{"start":{"line":82,"column":0},"end":{"line":82,"column":20}}},"fnMap":{"0":{"name":"(anonymous_0)","decl":{"start":{"line":10,"column":13},"end":{"line":10,"column":14}},"loc":{"start":{"line":10,"column":42},"end":{"line":13,"column":1}},"line":10},"1":{"name":"(anonymous_1)","decl":{"start":{"line":15,"column":14},"end":{"line":15,"column":15}},"loc":{"start":{"line":15,"column":43},"end":{"line":80,"column":1}},"line":15}},"branchMap":{"0":{"loc":{"start":{"line":18,"column":0},"end":{"line":22,"column":1}},"type":"if","locations":[{"start":{"line":18,"column":0},"end":{"line":22,"column":1}},{"start":{"line":18,"column":0},"end":{"line":22,"column":1}}],"line":18},"1":{"loc":{"start":{"line":25,"column":0},"end":{"line":29,"column":1}},"type":"if","locations":[{"start":{"line":25,"column":0},"end":{"line":29,"column":1}},{"start":{"line":25,"column":0},"end":{"line":29,"column":1}}],"line":25},"2":{"loc":{"start":{"line":32,"column":0},"end":{"line":36,"column":1}},"type":"if","locations":[{"start":{"line":32,"column":0},"end":{"line":36,"column":1}},{"start":{"line":32,"column":0},"end":{"line":36,"column":1}}],"line":32},"3":{"loc":{"start":{"line":38,"column":0},"end":{"line":42,"column":1}},"type":"if","locations":[{"start":{"line":38,"column":0},"end":{"line":42,"column":1}},{"start":{"line":38,"column":0},"end":{"line":42,"column":1}}],"line":38}},"s":{"0":1,"1":1,"2":1,"3":1,"4":1,"5":1,"6":1,"7":1,"8":1,"9":0,"10":0,"11":1,"12":0,"13":0,"14":0,"15":0,"16":0,"17":0,"18":0,"19":0,"20":0,"21":0,"22":0,"23":0,"24":0,"25":0,"26":0,"27":0,"28":1},"f":{"0":0,"1":0},"b":{"0":[0,0],"1":[0,0],"2":[0,0],"3":[0,0]},"_coverageSchema":"1a1c01bbd47fc00a2c39e90264f33305004495a9","hash":"f466e90cf475e36dd9c28e7c3434ebf67eba8995"}
,"E:\\Sir Ahsan Web Dev\\Module2\\Node.js\\MoshHamedani\\MongoDB\\VidyleRental\\startup\\Joi.js": {"path":"E:\\Sir Ahsan Web Dev\\Module2\\Node.js\\MoshHamedani\\MongoDB\\VidyleRental\\startup\\Joi.js","statementMap":{"0":{"start":{"line":1,"column":12},"end":{"line":1,"column":26}},"1":{"start":{"line":2,"column":0},"end":{"line":6,"column":1}},"2":{"start":{"line":4,"column":4},"end":{"line":4,"column":48}}},"fnMap":{"0":{"name":"(anonymous_0)","decl":{"start":{"line":2,"column":17},"end":{"line":2,"column":18}},"loc":{"start":{"line":3,"column":0},"end":{"line":6,"column":1}},"line":3}},"branchMap":{},"s":{"0":1,"1":1,"2":1},"f":{"0":1},"b":{},"_coverageSchema":"1a1c01bbd47fc00a2c39e90264f33305004495a9","hash":"8d22a94ba9486d6d34146d83e187c0042e4f72ee"}
,"E:\\Sir Ahsan Web Dev\\Module2\\Node.js\\MoshHamedani\\MongoDB\\VidyleRental\\startup\\config.js": {"path":"E:\\Sir Ahsan Web Dev\\Module2\\Node.js\\MoshHamedani\\MongoDB\\VidyleRental\\startup\\config.js","statementMap":{"0":{"start":{"line":1,"column":15},"end":{"line":1,"column":32}},"1":{"start":{"line":2,"column":18},"end":{"line":2,"column":37}},"2":{"start":{"line":5,"column":0},"end":{"line":14,"column":1}},"3":{"start":{"line":8,"column":4},"end":{"line":13,"column":5}},"4":{"start":{"line":10,"column":8},"end":{"line":10,"column":66}}},"fnMap":{"0":{"name":"(anonymous_0)","decl":{"start":{"line":5,"column":16},"end":{"line":5,"column":17}},"loc":{"start":{"line":6,"column":0},"end":{"line":14,"column":1}},"line":6}},"branchMap":{"0":{"loc":{"start":{"line":8,"column":4},"end":{"line":13,"column":5}},"type":"if","locations":[{"start":{"line":8,"column":4},"end":{"line":13,"column":5}},{"start":{"line":8,"column":4},"end":{"line":13,"column":5}}],"line":8}},"s":{"0":1,"1":1,"2":1,"3":1,"4":0},"f":{"0":1},"b":{"0":[0,1]},"_coverageSchema":"1a1c01bbd47fc00a2c39e90264f33305004495a9","hash":"94bbdbeb658436f946243405bad1679dda1117c6"}
,"E:\\Sir Ahsan Web Dev\\Module2\\Node.js\\MoshHamedani\\MongoDB\\VidyleRental\\startup\\database.js": {"path":"E:\\Sir Ahsan Web Dev\\Module2\\Node.js\\MoshHamedani\\MongoDB\\VidyleRental\\startup\\database.js","statementMap":{"0":{"start":{"line":1,"column":16},"end":{"line":1,"column":34}},"1":{"start":{"line":2,"column":17},"end":{"line":2,"column":36}},"2":{"start":{"line":4,"column":16},"end":{"line":4,"column":33}},"3":{"start":{"line":7,"column":10},"end":{"line":7,"column":26}},"4":{"start":{"line":8,"column":0},"end":{"line":22,"column":1}},"5":{"start":{"line":11,"column":4},"end":{"line":11,"column":43}},"6":{"start":{"line":12,"column":4},"end":{"line":12,"column":42}},"7":{"start":{"line":13,"column":4},"end":{"line":13,"column":41}},"8":{"start":{"line":16,"column":4},"end":{"line":16,"column":31}},"9":{"start":{"line":18,"column":4},"end":{"line":18,"column":41}},"10":{"start":{"line":20,"column":4},"end":{"line":20,"column":38}}},"fnMap":{"0":{"name":"(anonymous_0)","decl":{"start":{"line":8,"column":17},"end":{"line":8,"column":18}},"loc":{"start":{"line":9,"column":0},"end":{"line":22,"column":1}},"line":9}},"branchMap":{},"s":{"0":1,"1":1,"2":1,"3":1,"4":1,"5":1,"6":1,"7":1,"8":1,"9":1,"10":1},"f":{"0":1},"b":{},"_coverageSchema":"1a1c01bbd47fc00a2c39e90264f33305004495a9","hash":"d4f0b2a4df50f87f57637f4b134cf3741b66b29a"}
,"E:\\Sir Ahsan Web Dev\\Module2\\Node.js\\MoshHamedani\\MongoDB\\VidyleRental\\startup\\logging.js": {"path":"E:\\Sir Ahsan Web Dev\\Module2\\Node.js\\MoshHamedani\\MongoDB\\VidyleRental\\startup\\logging.js","statementMap":{"0":{"start":{"line":1,"column":0},"end":{"line":1,"column":27}},"1":{"start":{"line":2,"column":16},"end":{"line":2,"column":34}},"2":{"start":{"line":3,"column":0},"end":{"line":3,"column":32}},"3":{"start":{"line":5,"column":0},"end":{"line":31,"column":1}},"4":{"start":{"line":7,"column":4},"end":{"line":7,"column":72}},"5":{"start":{"line":8,"column":4},"end":{"line":8,"column":91}},"6":{"start":{"line":11,"column":0},"end":{"line":15,"column":6}},"7":{"start":{"line":13,"column":4},"end":{"line":13,"column":35}},"8":{"start":{"line":18,"column":0},"end":{"line":23,"column":5}},"9":{"start":{"line":26,"column":0},"end":{"line":28,"column":2}},"10":{"start":{"line":27,"column":0},"end":{"line":27,"column":9}}},"fnMap":{"0":{"name":"(anonymous_0)","decl":{"start":{"line":5,"column":17},"end":{"line":5,"column":18}},"loc":{"start":{"line":6,"column":0},"end":{"line":31,"column":1}},"line":6},"1":{"name":"(anonymous_1)","decl":{"start":{"line":11,"column":32},"end":{"line":11,"column":33}},"loc":{"start":{"line":11,"column":41},"end":{"line":15,"column":5}},"line":11},"2":{"name":"(anonymous_2)","decl":{"start":{"line":26,"column":33},"end":{"line":26,"column":34}},"loc":{"start":{"line":26,"column":42},"end":{"line":28,"column":1}},"line":26}},"branchMap":{},"s":{"0":1,"1":1,"2":1,"3":1,"4":1,"5":1,"6":1,"7":0,"8":1,"9":1,"10":0},"f":{"0":1,"1":0,"2":0},"b":{},"_coverageSchema":"1a1c01bbd47fc00a2c39e90264f33305004495a9","hash":"e9fedc3d4ad0e5ef1b46daabf8e6dacda11b1350"}
,"E:\\Sir Ahsan Web Dev\\Module2\\Node.js\\MoshHamedani\\MongoDB\\VidyleRental\\startup\\routes.js": {"path":"E:\\Sir Ahsan Web Dev\\Module2\\Node.js\\MoshHamedani\\MongoDB\\VidyleRental\\startup\\routes.js","statementMap":{"0":{"start":{"line":1,"column":16},"end":{"line":1,"column":34}},"1":{"start":{"line":2,"column":20},"end":{"line":2,"column":47}},"2":{"start":{"line":3,"column":19},"end":{"line":3,"column":45}},"3":{"start":{"line":4,"column":22},"end":{"line":4,"column":51}},"4":{"start":{"line":5,"column":19},"end":{"line":5,"column":45}},"5":{"start":{"line":6,"column":27},"end":{"line":6,"column":56}},"6":{"start":{"line":7,"column":18},"end":{"line":7,"column":43}},"7":{"start":{"line":8,"column":24},"end":{"line":8,"column":54}},"8":{"start":{"line":10,"column":0},"end":{"line":20,"column":1}},"9":{"start":{"line":12,"column":4},"end":{"line":12,"column":28}},"10":{"start":{"line":13,"column":4},"end":{"line":13,"column":40}},"11":{"start":{"line":14,"column":4},"end":{"line":14,"column":44}},"12":{"start":{"line":15,"column":4},"end":{"line":15,"column":40}},"13":{"start":{"line":16,"column":4},"end":{"line":16,"column":38}},"14":{"start":{"line":17,"column":4},"end":{"line":17,"column":55}},"15":{"start":{"line":18,"column":4},"end":{"line":18,"column":36}},"16":{"start":{"line":19,"column":4},"end":{"line":19,"column":28}}},"fnMap":{"0":{"name":"(anonymous_0)","decl":{"start":{"line":10,"column":16},"end":{"line":10,"column":17}},"loc":{"start":{"line":11,"column":0},"end":{"line":20,"column":1}},"line":11}},"branchMap":{},"s":{"0":1,"1":1,"2":1,"3":1,"4":1,"5":1,"6":1,"7":1,"8":1,"9":1,"10":1,"11":1,"12":1,"13":1,"14":1,"15":1,"16":1},"f":{"0":1},"b":{},"_coverageSchema":"1a1c01bbd47fc00a2c39e90264f33305004495a9","hash":"7d67d6a18cea4751d51c826ce42779ba415b3c00"}
}
